<?xml version="1.0" encoding="UTF-8"?>
<!-- Generated by org.testng.reporters.JUnitReportReporter -->
<testsuite hostname="uday18mega" failures="0" tests="1" name="pracprogTest.CalendarPopup" time="13.531" errors="0" timestamp="2025-04-29T04:00:00 IST" skipped="0">
  <testcase classname="pracprogTest.CalendarPopup" name="Calendar" time="13.531"/>
</testsuite> <!-- pracprogTest.CalendarPopup -->
