<?xml version="1.0" encoding="UTF-8"?>
<!-- Generated by org.testng.reporters.JUnitReportReporter -->
<testsuite hostname="uday18mega" failures="0" tests="1" name="pracprogTest.SeLocatorApp" time="70.065" errors="0" timestamp="2025-04-01T07:13:35 IST" skipped="0">
  <testcase classname="pracprogTest.SeLocatorApp" name="settingspop" time="70.065"/>
</testsuite> <!-- pracprogTest.SeLocatorApp -->
