<?xml version="1.0" encoding="UTF-8"?>
<!-- Generated by org.testng.reporters.JUnitReportReporter -->
<testsuite hostname="uday18mega" failures="0" tests="1" name="heroKuApp.CheckBoxHeroku" time="20.898" errors="0" timestamp="2025-05-04T09:11:51 IST" skipped="0">
  <testcase classname="heroKuApp.CheckBoxHeroku" name="DisappearElement" time="20.898"/>
</testsuite> <!-- heroKuApp.CheckBoxHeroku -->
