<?xml version="1.0" encoding="UTF-8"?>
<!-- Generated by org.testng.reporters.JUnitReportReporter -->
<testsuite hostname="uday18mega" failures="0" tests="1" name="pracprogTest.HiddenPopup" time="11.331" errors="0" timestamp="2025-04-09T02:12:43 IST" skipped="0">
  <testcase classname="pracprogTest.HiddenPopup" name="PopHide" time="11.331"/>
</testsuite> <!-- pracprogTest.HiddenPopup -->
