<?xml version="1.0" encoding="UTF-8"?>
<!-- Generated by org.testng.reporters.JUnitReportReporter -->
<testsuite hostname="uday18mega" failures="0" tests="2" name="pracprogTest.PracClassTest" time="0.017" errors="0" timestamp="2025-03-29T15:54:31 IST" skipped="0">
  <testcase classname="pracprogTest.PracClassTest" name="testcase1" time="0.011"/>
  <testcase classname="pracprogTest.PracClassTest" name="testcase2" time="0.006"/>
</testsuite> <!-- pracprogTest.PracClassTest -->
