<?xml version="1.0" encoding="UTF-8"?>
<!-- Generated by org.testng.reporters.JUnitReportReporter -->
<testsuite hostname="uday18mega" failures="0" tests="1" name="pracprogTest.HandlingListbox" time="13.965" errors="0" timestamp="2025-04-29T03:55:45 IST" skipped="0">
  <testcase classname="pracprogTest.HandlingListbox" name="ListBox" time="13.965"/>
</testsuite> <!-- pracprogTest.HandlingListbox -->
