<?xml version="1.0" encoding="UTF-8"?>
<!-- Generated by org.testng.reporters.JUnitReportReporter -->
<testsuite hostname="uday18mega" failures="0" tests="1" name="pracprogTest.SeWindowMain" time="66.815" errors="0" timestamp="2025-04-29T04:11:52 IST" skipped="0">
  <testcase classname="pracprogTest.SeWindowMain" name="securelinkpopup" time="66.815"/>
</testsuite> <!-- pracprogTest.SeWindowMain -->
