<?xml version="1.0" encoding="UTF-8"?>
<!-- Generated by org.testng.reporters.JUnitReportReporter -->
<testsuite hostname="uday18mega" failures="0" tests="1" name="pracprogTest.DragDroptest" time="9.034" errors="0" timestamp="2025-04-05T12:09:48 IST" skipped="0">
  <testcase classname="pracprogTest.DragDroptest" name="dragAndDrop" time="9.034"/>
</testsuite> <!-- pracprogTest.DragDroptest -->
