<?xml version="1.0" encoding="UTF-8"?>
<!-- Generated by org.testng.reporters.JUnitReportReporter -->
<testsuite hostname="uday18mega" failures="0" tests="1" name="pracprogTest.UrlSearchPrint" time="11.977" errors="0" timestamp="2025-04-29T04:12:56 IST" skipped="0">
  <testcase classname="pracprogTest.UrlSearchPrint" name="SearchUrl" time="11.977"/>
</testsuite> <!-- pracprogTest.UrlSearchPrint -->
