<?xml version="1.0" encoding="UTF-8"?>
<!-- Generated by org.testng.reporters.JUnitReportReporter -->
<testsuite hostname="uday18mega" failures="0" tests="1" name="pracprogTest.AlertPopup" time="10.211" errors="0" timestamp="2025-04-29T03:58:07 IST" skipped="0">
  <testcase classname="pracprogTest.AlertPopup" name="AcceptAlert" time="10.211"/>
</testsuite> <!-- pracprogTest.AlertPopup -->
