<?xml version="1.0" encoding="UTF-8"?>
<!-- Generated by org.testng.reporters.JUnitReportReporter -->
<testsuite hostname="uday18mega" failures="0" tests="1" name="pracprogTest.SeScrollApp" time="64.660" errors="0" timestamp="2025-04-29T04:03:52 IST" skipped="0">
  <testcase classname="pracprogTest.SeScrollApp" name="settingspop" time="64.660"/>
</testsuite> <!-- pracprogTest.SeScrollApp -->
